c:\users\tiger20111\documents\visual studio 2015\projects\demonstration\demonstration\x64\debug\vc140.pdb
c:\users\tiger20111\documents\visual studio 2015\projects\demonstration\demonstration\x64\debug\varioustrajectory.obj
c:\users\tiger20111\documents\visual studio 2015\projects\demonstration\demonstration\x64\debug\trajectory.obj
c:\users\tiger20111\documents\visual studio 2015\projects\demonstration\demonstration\x64\debug\openface.obj
c:\users\tiger20111\documents\visual studio 2015\projects\demonstration\demonstration\x64\debug\mypoint.obj
c:\users\tiger20111\documents\visual studio 2015\projects\demonstration\demonstration\x64\debug\myitem.obj
c:\users\tiger20111\documents\visual studio 2015\projects\demonstration\demonstration\x64\debug\main.obj
c:\users\tiger20111\documents\visual studio 2015\projects\demonstration\demonstration\x64\debug\finalvisual.obj
c:\users\tiger20111\documents\visual studio 2015\projects\demonstration\demonstration\x64\debug\demonstration.obj
c:\users\tiger20111\documents\visual studio 2015\projects\demonstration\demonstration\x64\debug\camera.obj
c:\users\tiger20111\documents\visual studio 2015\projects\demonstration\demonstration\x64\debug\callib.obj
c:\users\tiger20111\documents\visual studio 2015\projects\demonstration\demonstration\x64\debug\calculatecoordinates.obj
c:\users\tiger20111\documents\visual studio 2015\projects\demonstration\demonstration\x64\debug\animationball.obj
c:\users\tiger20111\documents\visual studio 2015\projects\demonstration\demonstration\x64\debug\qrc_demonstration.obj
c:\users\tiger20111\documents\visual studio 2015\projects\demonstration\demonstration\generatedfiles\ui_demonstration.h
c:\users\tiger20111\documents\visual studio 2015\projects\demonstration\demonstration\generatedfiles\qrc_demonstration.cpp
c:\users\tiger20111\documents\visual studio 2015\projects\demonstration\x64\debug\demonstration.ilk
c:\users\tiger20111\documents\visual studio 2015\projects\demonstration\x64\debug\demonstration.exe
c:\users\tiger20111\documents\visual studio 2015\projects\demonstration\x64\debug\demonstration.pdb
c:\users\tiger20111\documents\visual studio 2015\projects\demonstration\demonstration\x64\debug\demonstration.tlog\cl.command.1.tlog
c:\users\tiger20111\documents\visual studio 2015\projects\demonstration\demonstration\x64\debug\demonstration.tlog\cl.read.1.tlog
c:\users\tiger20111\documents\visual studio 2015\projects\demonstration\demonstration\x64\debug\demonstration.tlog\cl.write.1.tlog
c:\users\tiger20111\documents\visual studio 2015\projects\demonstration\demonstration\x64\debug\demonstration.tlog\custombuild.command.1.tlog
c:\users\tiger20111\documents\visual studio 2015\projects\demonstration\demonstration\x64\debug\demonstration.tlog\custombuild.read.1.tlog
c:\users\tiger20111\documents\visual studio 2015\projects\demonstration\demonstration\x64\debug\demonstration.tlog\custombuild.write.1.tlog
c:\users\tiger20111\documents\visual studio 2015\projects\demonstration\demonstration\x64\debug\demonstration.tlog\link.command.1.tlog
c:\users\tiger20111\documents\visual studio 2015\projects\demonstration\demonstration\x64\debug\demonstration.tlog\link.read.1.tlog
c:\users\tiger20111\documents\visual studio 2015\projects\demonstration\demonstration\x64\debug\demonstration.tlog\link.write.1.tlog
